[1;95mStage 1/10: Environment preflight[0m
[1;95mStage 2/10: Context analysis[0m
[1;95mStage 3/10: Planner generation[0m
[1;95mStage 4/10: Planner schema validation[0m
[1;95mStage 6/10: Worker generation[0m
[1;95mWorker launch: Backend Producer (attempt 1)[0m
Traceback (most recent call last):
  File "/home/postnl/multi-agent-producer_V0/Project_3_education/orchestrator.py", line 1394, in <module>
    asyncio.run(main())
  File "/usr/lib/python3.10/asyncio/runners.py", line 44, in run
    return loop.run_until_complete(main)
  File "/usr/lib/python3.10/asyncio/base_events.py", line 649, in run_until_complete
    return future.result()
  File "/home/postnl/multi-agent-producer_V0/Project_3_education/orchestrator.py", line 1369, in main
    worker_results = await stage_worker_generation(project_brief, context_payload, plan_payload, args.max_concurrency)
  File "/home/postnl/multi-agent-producer_V0/Project_3_education/orchestrator.py", line 1169, in stage_worker_generation
    batch_results = await asyncio.gather(
  File "/home/postnl/multi-agent-producer_V0/Project_3_education/orchestrator.py", line 1068, in run_worker_task
    enforce_policy(before, after, policy)
  File "/home/postnl/multi-agent-producer_V0/Project_3_education/orchestrator.py", line 232, in enforce_policy
    raise RuntimeError(f"[{policy.name}] policy violation(s): " + "; ".join(violations))
RuntimeError: [Backend Producer] policy violation(s): Created outside allowlist: app/api/analytics/attempts/[attemptId]/route.ts; Created outside allowlist: app/api/analytics/movements/[attemptId]/route.ts; Created outside allowlist: app/api/analytics/puzzle/[puzzleId]/route.ts
